<?xml version="1.0" encoding="UTF-8"?>
<!-- Generated by org.testng.reporters.JUnitReportReporter -->
<testsuite skipped="0" hostname="ADMIN-PC" name="com.demo.test" tests="10" failures="0" timestamp="12 Aug 2020 12:09:07 GMT" time="8.149" errors="0">
  <testcase name="regression_verifyTitle" time="0.581" classname="com.demo.test"/>
  <testcase name="step1" time="0.171" classname="com.demo.test"/>
  <testcase name="step2" time="1.331" classname="com.demo.test"/>
  <testcase name="step3" time="0.321" classname="com.demo.test"/>
  <testcase name="step4" time="0.333" classname="com.demo.test"/>
  <testcase name="step5" time="0.125" classname="com.demo.test"/>
  <testcase name="step6" time="3.088" classname="com.demo.test"/>
  <testcase name="step7" time="0.371" classname="com.demo.test"/>
  <testcase name="step8" time="1.463" classname="com.demo.test"/>
  <testcase name="step9" time="0.365" classname="com.demo.test"/>
</testsuite> <!-- com.demo.test -->
