<?xml version="1.0" encoding="UTF-8"?>
<!-- Generated by org.testng.reporters.JUnitReportReporter -->
<testsuite skipped="0" hostname="ADMIN-PC" name="com.demo.smokeTest" tests="6" failures="0" timestamp="10 Aug 2020 15:50:21 GMT" time="4.783" errors="0">
  <testcase name="smoke_verifyTitle" time="0.283" classname="com.demo.smokeTest"/>
  <testcase name="smoke1" time="3.339" classname="com.demo.smokeTest"/>
  <testcase name="smoke2" time="0.121" classname="com.demo.smokeTest"/>
  <testcase name="smoke3" time="0.137" classname="com.demo.smokeTest"/>
  <testcase name="smoke4" time="0.126" classname="com.demo.smokeTest"/>
  <testcase name="screenshot" time="0.777" classname="com.demo.smokeTest"/>
</testsuite> <!-- com.demo.smokeTest -->
