<?xml version="1.0" encoding="UTF-8"?>
<!-- Generated by org.testng.reporters.JUnitReportReporter -->
<testsuite skipped="0" hostname="ADMIN-PC" name="com.demo.test" tests="10" failures="0" timestamp="23 Jul 2020 15:14:38 GMT" time="18.446" errors="0">
  <testcase name="verifyTitle" time="0.328" classname="com.demo.test"/>
  <testcase name="step1" time="2.250" classname="com.demo.test"/>
  <testcase name="step2" time="3.783" classname="com.demo.test"/>
  <testcase name="step3" time="2.329" classname="com.demo.test"/>
  <testcase name="step4" time="2.332" classname="com.demo.test"/>
  <testcase name="step5" time="0.144" classname="com.demo.test"/>
  <testcase name="step6" time="3.083" classname="com.demo.test"/>
  <testcase name="step7" time="0.347" classname="com.demo.test"/>
  <testcase name="step8" time="3.521" classname="com.demo.test"/>
  <testcase name="step9" time="0.329" classname="com.demo.test"/>
</testsuite> <!-- com.demo.test -->
