<?xml version="1.0" encoding="UTF-8"?>
<!-- Generated by org.testng.reporters.JUnitReportReporter -->
<testsuite skipped="0" hostname="ADMIN-PC" name="com.demo.test" tests="10" failures="0" timestamp="15 Aug 2020 05:05:09 GMT" time="11.503" errors="0">
  <testcase name="regression_verifyTitle" time="0.253" classname="com.demo.test"/>
  <testcase name="step1" time="0.219" classname="com.demo.test"/>
  <testcase name="step2" time="1.384" classname="com.demo.test"/>
  <testcase name="step3" time="0.326" classname="com.demo.test"/>
  <testcase name="step4" time="0.503" classname="com.demo.test"/>
  <testcase name="step5" time="0.141" classname="com.demo.test"/>
  <testcase name="step6" time="3.106" classname="com.demo.test"/>
  <testcase name="step7" time="0.364" classname="com.demo.test"/>
  <testcase name="step8" time="4.815" classname="com.demo.test"/>
  <testcase name="step9" time="0.392" classname="com.demo.test"/>
</testsuite> <!-- com.demo.test -->
