<?xml version="1.0" encoding="UTF-8"?>
<!-- Generated by org.testng.reporters.JUnitReportReporter -->
<testsuite skipped="0" hostname="ADMIN-PC" name="com.demo.test" tests="10" failures="0" timestamp="23 Jul 2020 15:11:50 GMT" time="18.506" errors="0">
  <testcase name="verifyTitle" time="0.503" classname="com.demo.test"/>
  <testcase name="step1" time="2.170" classname="com.demo.test"/>
  <testcase name="step2" time="3.365" classname="com.demo.test"/>
  <testcase name="step3" time="2.374" classname="com.demo.test"/>
  <testcase name="step4" time="2.324" classname="com.demo.test"/>
  <testcase name="step5" time="0.145" classname="com.demo.test"/>
  <testcase name="step6" time="3.083" classname="com.demo.test"/>
  <testcase name="step7" time="0.361" classname="com.demo.test"/>
  <testcase name="step8" time="3.791" classname="com.demo.test"/>
  <testcase name="step9" time="0.390" classname="com.demo.test"/>
</testsuite> <!-- com.demo.test -->
