<?xml version="1.0" encoding="UTF-8"?>
<!-- Generated by org.testng.reporters.JUnitReportReporter -->
<testsuite skipped="0" hostname="ADMIN-PC" name="com.demo.smokeTest" tests="6" failures="0" timestamp="15 Aug 2020 05:05:09 GMT" time="3.181" errors="0">
  <testcase name="smoke_verifyTitle" time="0.044" classname="com.demo.smokeTest"/>
  <testcase name="smoke1" time="0.272" classname="com.demo.smokeTest"/>
  <testcase name="smoke2" time="0.291" classname="com.demo.smokeTest"/>
  <testcase name="smoke3" time="0.099" classname="com.demo.smokeTest"/>
  <testcase name="smoke4" time="0.099" classname="com.demo.smokeTest"/>
  <testcase name="screenshot" time="2.376" classname="com.demo.smokeTest"/>
</testsuite> <!-- com.demo.smokeTest -->
